{
  "stats": {
    "suites": 0,
    "tests": 2,
    "passes": 2,
    "pending": 0,
    "failures": 0,
    "start": "2023-01-02T07:51:53.077Z",
    "end": "2023-01-02T07:52:13.935Z",
    "duration": 20858,
    "testsRegistered": 2,
    "passPercent": 100,
    "pendingPercent": 0,
    "other": 0,
    "hasOther": false,
    "skipped": 0,
    "hasSkipped": false
  },
  "results": [
    {
      "uuid": "239045bb-659c-4396-a7c0-156e74f9301c",
      "title": "",
      "fullFile": "cypress\\e2e\\reporting\\GoogleSearch.js",
      "file": "cypress\\e2e\\reporting\\GoogleSearch.js",
      "beforeHooks": [],
      "afterHooks": [],
      "tests": [
        {
          "title": "Google search 1st Test",
          "fullTitle": "Google search 1st Test",
          "timedOut": null,
          "duration": 9174,
          "state": "passed",
          "speed": "medium",
          "pass": true,
          "fail": false,
          "pending": false,
          "context": null,
          "code": "cy.log('Google 1st Test starts');\ncy.visit('https://google.com');\ncy.get('.gLFyf').type('cypress{enter}');\ncy.log('Google 1st Test ends');",
          "err": {},
          "uuid": "4b0c6be4-472e-4339-bb0c-b439c9a72b23",
          "parentUUID": "239045bb-659c-4396-a7c0-156e74f9301c",
          "isHook": false,
          "skipped": false
        },
        {
          "title": "Google search 2nd Test",
          "fullTitle": "Google search 2nd Test",
          "timedOut": null,
          "duration": 9239,
          "state": "passed",
          "speed": "medium",
          "pass": true,
          "fail": false,
          "pending": false,
          "context": null,
          "code": "cy.log('Google 2nd Test starts');\ncy.visit('https://google.com');\ncy.get('.gLFyf').type('cypress{enter}');\ncy.log('Google 2nd Test ends');",
          "err": {},
          "uuid": "bf2ca94b-eb60-430f-8405-a304a271f3c9",
          "parentUUID": "239045bb-659c-4396-a7c0-156e74f9301c",
          "isHook": false,
          "skipped": false
        }
      ],
      "suites": [],
      "passes": [
        "4b0c6be4-472e-4339-bb0c-b439c9a72b23",
        "bf2ca94b-eb60-430f-8405-a304a271f3c9"
      ],
      "failures": [],
      "pending": [],
      "skipped": [],
      "duration": 18413,
      "root": true,
      "rootEmpty": false,
      "_timeout": 2000
    }
  ],
  "meta": {
    "mocha": {
      "version": "7.0.1"
    },
    "mochawesome": {
      "options": {
        "quiet": false,
        "reportFilename": "mochawesome",
        "saveHtml": false,
        "saveJson": true,
        "consoleReporter": "spec",
        "useInlineDiffs": false,
        "code": true
      },
      "version": "7.1.3"
    },
    "marge": {
      "options": {
        "charts": true,
        "overwrite": false,
        "html": false,
        "json": true,
        "reportDir": "cypress/report/mochawesome-reports"
      },
      "version": "6.2.0"
    }
  }
}