{
  "stats": {
    "suites": 1,
    "tests": 1,
    "passes": 1,
    "pending": 0,
    "failures": 0,
    "start": "2023-01-02T07:50:39.403Z",
    "end": "2023-01-02T07:50:42.817Z",
    "duration": 3414,
    "testsRegistered": 1,
    "passPercent": 100,
    "pendingPercent": 0,
    "other": 0,
    "hasOther": false,
    "skipped": 0,
    "hasSkipped": false
  },
  "results": [
    {
      "uuid": "29548742-ba68-4774-a9a2-72f9e0f65bd3",
      "title": "",
      "fullFile": "cypress\\e2e\\test.spec.js",
      "file": "cypress\\e2e\\test.spec.js",
      "beforeHooks": [],
      "afterHooks": [],
      "tests": [],
      "suites": [
        {
          "uuid": "02e4b580-b802-4b48-a5f1-69613e97eab0",
          "title": "Assertions",
          "fullFile": "",
          "file": "",
          "beforeHooks": [],
          "afterHooks": [],
          "tests": [
            {
              "title": "demo",
              "fullTitle": "Assertions demo",
              "timedOut": null,
              "duration": 1380,
              "state": "passed",
              "speed": "fast",
              "pass": true,
              "fail": false,
              "pending": false,
              "context": null,
              "code": "cy.visit('https://example.cypress.io');\ncy.contains('get').click();\ncy.get('#query-btn').click();\ncy.get('#query-btn').should('contain', 'Button').should('be.enabled').and('be.visible').and('have.class', 'query-btn');",
              "err": {},
              "uuid": "2b1eed93-7d1a-446b-8495-e2065c8245e5",
              "parentUUID": "02e4b580-b802-4b48-a5f1-69613e97eab0",
              "isHook": false,
              "skipped": false
            }
          ],
          "suites": [],
          "passes": [
            "2b1eed93-7d1a-446b-8495-e2065c8245e5"
          ],
          "failures": [],
          "pending": [],
          "skipped": [],
          "duration": 1380,
          "root": false,
          "rootEmpty": false,
          "_timeout": 2000
        }
      ],
      "passes": [],
      "failures": [],
      "pending": [],
      "skipped": [],
      "duration": 0,
      "root": true,
      "rootEmpty": true,
      "_timeout": 2000
    }
  ],
  "meta": {
    "mocha": {
      "version": "7.0.1"
    },
    "mochawesome": {
      "options": {
        "quiet": false,
        "reportFilename": "mochawesome",
        "saveHtml": false,
        "saveJson": true,
        "consoleReporter": "spec",
        "useInlineDiffs": false,
        "code": true
      },
      "version": "7.1.3"
    },
    "marge": {
      "options": {
        "charts": true,
        "overwrite": false,
        "html": false,
        "json": true,
        "reportDir": "cypress/report/mochawesome-reports"
      },
      "version": "6.2.0"
    }
  }
}