{
  "stats": {
    "suites": 0,
    "tests": 1,
    "passes": 1,
    "pending": 0,
    "failures": 0,
    "start": "2023-01-02T07:52:20.740Z",
    "end": "2023-01-02T07:52:24.005Z",
    "duration": 3265,
    "testsRegistered": 1,
    "passPercent": 100,
    "pendingPercent": 0,
    "other": 0,
    "hasOther": false,
    "skipped": 0,
    "hasSkipped": false
  },
  "results": [
    {
      "uuid": "cb1f133f-f83f-41eb-b917-753e6da7ec84",
      "title": "",
      "fullFile": "cypress\\e2e\\reporting\\Login.js",
      "file": "cypress\\e2e\\reporting\\Login.js",
      "beforeHooks": [],
      "afterHooks": [],
      "tests": [
        {
          "title": "My 1st Test",
          "fullTitle": "My 1st Test",
          "timedOut": null,
          "duration": 1129,
          "state": "passed",
          "speed": "fast",
          "pass": true,
          "fail": false,
          "pending": false,
          "context": null,
          "code": "cy.log('Login 1st Test starts');\ncy.visit('https://trytestingthis.netlify.app/');\ncy.get('#uname').type('test');\ncy.get('#pwd').type('test');\ncy.get('[type=\"submit\"]').click();\ncy.log('Login 1st Test ends');",
          "err": {},
          "uuid": "93504c28-337d-46d4-92ee-f6f7022642a1",
          "parentUUID": "cb1f133f-f83f-41eb-b917-753e6da7ec84",
          "isHook": false,
          "skipped": false
        }
      ],
      "suites": [],
      "passes": [
        "93504c28-337d-46d4-92ee-f6f7022642a1"
      ],
      "failures": [],
      "pending": [],
      "skipped": [],
      "duration": 1129,
      "root": true,
      "rootEmpty": false,
      "_timeout": 2000
    }
  ],
  "meta": {
    "mocha": {
      "version": "7.0.1"
    },
    "mochawesome": {
      "options": {
        "quiet": false,
        "reportFilename": "mochawesome",
        "saveHtml": false,
        "saveJson": true,
        "consoleReporter": "spec",
        "useInlineDiffs": false,
        "code": true
      },
      "version": "7.1.3"
    },
    "marge": {
      "options": {
        "charts": true,
        "overwrite": false,
        "html": false,
        "json": true,
        "reportDir": "cypress/report/mochawesome-reports"
      },
      "version": "6.2.0"
    }
  }
}