{
  "stats": {
    "suites": 1,
    "tests": 1,
    "passes": 1,
    "pending": 0,
    "failures": 0,
    "start": "2023-01-02T07:49:36.754Z",
    "end": "2023-01-02T07:49:42.184Z",
    "duration": 5430,
    "testsRegistered": 1,
    "passPercent": 100,
    "pendingPercent": 0,
    "other": 0,
    "hasOther": false,
    "skipped": 0,
    "hasSkipped": false
  },
  "results": [
    {
      "uuid": "6831f0ce-cb16-444a-ac7d-aedd128596c1",
      "title": "",
      "fullFile": "cypress\\e2e\\assertions.spec.js",
      "file": "cypress\\e2e\\assertions.spec.js",
      "beforeHooks": [],
      "afterHooks": [],
      "tests": [],
      "suites": [
        {
          "uuid": "eb9cbbef-5a43-47f0-a930-84437aceb588",
          "title": "Assertions",
          "fullFile": "",
          "file": "",
          "beforeHooks": [],
          "afterHooks": [],
          "tests": [
            {
              "title": "hello in assertions",
              "fullTitle": "Assertions hello in assertions",
              "timedOut": null,
              "duration": 2646,
              "state": "passed",
              "speed": "fast",
              "pass": true,
              "fail": false,
              "pending": false,
              "context": null,
              "code": "cy.visit(\"https://example.cypress.io\");\ncy.contains('get').click();\ncy.get('#query-btn').should('contain', 'Button').should('have.class', 'query-btn').should('be.visible').should('be.enabled');\ncy.get('#query-btn').invoke('attr', 'id').should('equal', 'query-btn');\ncy.get('#query-btn').should('contain', 'Button').and('have.class', 'query-btn');\n// Explicit assertions\n// Expect\nexpect(true).to.be[\"true\"];\nvar name = 'Sara';\nexpect(name).to.be.equal('Sara');\n// Assert\nassert.equal(4, 4, 'Not Equal');\nassert.strictEqual(4, 4, 'Not Strictly Equal');",
              "err": {},
              "uuid": "91aff549-b39b-4158-899e-445017713b34",
              "parentUUID": "eb9cbbef-5a43-47f0-a930-84437aceb588",
              "isHook": false,
              "skipped": false
            }
          ],
          "suites": [],
          "passes": [
            "91aff549-b39b-4158-899e-445017713b34"
          ],
          "failures": [],
          "pending": [],
          "skipped": [],
          "duration": 2646,
          "root": false,
          "rootEmpty": false,
          "_timeout": 2000
        }
      ],
      "passes": [],
      "failures": [],
      "pending": [],
      "skipped": [],
      "duration": 0,
      "root": true,
      "rootEmpty": true,
      "_timeout": 2000
    }
  ],
  "meta": {
    "mocha": {
      "version": "7.0.1"
    },
    "mochawesome": {
      "options": {
        "quiet": false,
        "reportFilename": "mochawesome",
        "saveHtml": false,
        "saveJson": true,
        "consoleReporter": "spec",
        "useInlineDiffs": false,
        "code": true
      },
      "version": "7.1.3"
    },
    "marge": {
      "options": {
        "charts": true,
        "overwrite": false,
        "html": false,
        "json": true,
        "reportDir": "cypress/report/mochawesome-reports"
      },
      "version": "6.2.0"
    }
  }
}