{
  "stats": {
    "suites": 1,
    "tests": 2,
    "passes": 1,
    "pending": 0,
    "failures": 1,
    "start": "2023-01-02T07:50:56.449Z",
    "end": "2023-01-02T07:51:22.123Z",
    "duration": 25674,
    "testsRegistered": 2,
    "passPercent": 50,
    "pendingPercent": 0,
    "other": 0,
    "hasOther": false,
    "skipped": 0,
    "hasSkipped": false
  },
  "results": [
    {
      "uuid": "bc2620af-97fe-4726-ab68-77b6b444e801",
      "title": "",
      "fullFile": "cypress\\e2e\\cucumber-tests\\login.feature",
      "file": "cypress\\e2e\\cucumber-tests\\login.feature",
      "beforeHooks": [],
      "afterHooks": [],
      "tests": [],
      "suites": [
        {
          "uuid": "94e1dbd1-32f1-4b6a-8078-4e9d7415ab17",
          "title": "test the login functionality",
          "fullFile": "",
          "file": "",
          "beforeHooks": [],
          "afterHooks": [],
          "tests": [
            {
              "title": "test login with valide and invalid credentials (example #1)",
              "fullTitle": "test the login functionality test login with valide and invalid credentials (example #1)",
              "timedOut": null,
              "duration": 12198,
              "state": "passed",
              "speed": "slow",
              "pass": true,
              "fail": false,
              "pending": false,
              "context": null,
              "code": "const state = window.testState;\nreturn cy\n  .then(() => state.onStartScenario(scenario, indexedSteps))\n  .then(() =>\n    resolveAndRunBeforeHooks.call(this, scenario.tags, state.feature.name)\n  )\n  .then(() =>\n    indexedSteps.forEach((step) =>\n      stepTest.call(this, state, step, rowData)\n    )\n  )\n  .then(() => state.onFinishScenario(scenario));",
              "err": {},
              "uuid": "2f9315e0-63b2-4051-8103-843257f868f7",
              "parentUUID": "94e1dbd1-32f1-4b6a-8078-4e9d7415ab17",
              "isHook": false,
              "skipped": false
            },
            {
              "title": "test login with valide and invalid credentials (example #2)",
              "fullTitle": "test the login functionality test login with valide and invalid credentials (example #2)",
              "timedOut": null,
              "duration": 9231,
              "state": "failed",
              "speed": null,
              "pass": false,
              "fail": true,
              "pending": false,
              "context": null,
              "code": "const state = window.testState;\nreturn cy\n  .then(() => state.onStartScenario(scenario, indexedSteps))\n  .then(() =>\n    resolveAndRunBeforeHooks.call(this, scenario.tags, state.feature.name)\n  )\n  .then(() =>\n    indexedSteps.forEach((step) =>\n      stepTest.call(this, state, step, rowData)\n    )\n  )\n  .then(() => state.onFinishScenario(scenario));",
              "err": {
                "message": "AssertionError: Timed out retrying after 4000ms: Expected to find content: 'Logout' but never did.",
                "estack": "AssertionError: Timed out retrying after 4000ms: Expected to find content: 'Logout' but never did.\n    at Context.eval (cypress/e2e/cucumber-tests/login/loginSteps.js:19:7)\n    at Context.resolveAndRunStepDefinition (node_modules/cypress-cucumber-preprocessor/lib/resolveStepDefinition.js:193:0)\n    at Context.eval (node_modules/cypress-cucumber-preprocessor/lib/createTestFromScenario.js:27:0)",
                "diff": null
              },
              "uuid": "a6b981fd-4d99-4cc0-b602-0c44f2f6dd2e",
              "parentUUID": "94e1dbd1-32f1-4b6a-8078-4e9d7415ab17",
              "isHook": false,
              "skipped": false
            }
          ],
          "suites": [],
          "passes": [
            "2f9315e0-63b2-4051-8103-843257f868f7"
          ],
          "failures": [
            "a6b981fd-4d99-4cc0-b602-0c44f2f6dd2e"
          ],
          "pending": [],
          "skipped": [],
          "duration": 21429,
          "root": false,
          "rootEmpty": false,
          "_timeout": 2000
        }
      ],
      "passes": [],
      "failures": [],
      "pending": [],
      "skipped": [],
      "duration": 0,
      "root": true,
      "rootEmpty": true,
      "_timeout": 2000
    }
  ],
  "meta": {
    "mocha": {
      "version": "7.0.1"
    },
    "mochawesome": {
      "options": {
        "quiet": false,
        "reportFilename": "mochawesome",
        "saveHtml": false,
        "saveJson": true,
        "consoleReporter": "spec",
        "useInlineDiffs": false,
        "code": true
      },
      "version": "7.1.3"
    },
    "marge": {
      "options": {
        "charts": true,
        "overwrite": false,
        "html": false,
        "json": true,
        "reportDir": "cypress/report/mochawesome-reports"
      },
      "version": "6.2.0"
    }
  }
}