{
  "stats": {
    "suites": 1,
    "tests": 3,
    "passes": 3,
    "pending": 0,
    "failures": 0,
    "start": "2022-10-27T08:54:04.081Z",
    "end": "2022-10-27T08:54:16.438Z",
    "duration": 12357,
    "testsRegistered": 3,
    "passPercent": 100,
    "pendingPercent": 0,
    "other": 0,
    "hasOther": false,
    "skipped": 0,
    "hasSkipped": false
  },
  "results": [
    {
      "uuid": "eb40f022-3d00-4725-abb0-d999c22e34a2",
      "title": "",
      "fullFile": "cypress\\e2e\\login.js",
      "file": "cypress\\e2e\\login.js",
      "beforeHooks": [],
      "afterHooks": [],
      "tests": [],
      "suites": [
        {
          "uuid": "e2a6adae-6b06-4332-bee0-96c803f1266e",
          "title": "try testing this - netlify app",
          "fullFile": "",
          "file": "",
          "beforeHooks": [],
          "afterHooks": [],
          "tests": [
            {
              "title": "login valid username and password ",
              "fullTitle": "try testing this - netlify app login valid username and password ",
              "timedOut": null,
              "duration": 2616,
              "state": "passed",
              "speed": "fast",
              "pass": true,
              "fail": false,
              "pending": false,
              "context": null,
              "code": "LoginPage.enterUsername('test');\nLoginPage.enterPassword('test');\nLoginPage.clickLogin();\ncy.contains('Login Successful');\ncy.contains('here').click();",
              "err": {},
              "uuid": "1626af6a-6d32-4646-b3e3-a9ec0da3a5d6",
              "parentUUID": "e2a6adae-6b06-4332-bee0-96c803f1266e",
              "isHook": false,
              "skipped": false
            },
            {
              "title": "login invalid username and valid password ",
              "fullTitle": "try testing this - netlify app login invalid username and valid password ",
              "timedOut": null,
              "duration": 1537,
              "state": "passed",
              "speed": "fast",
              "pass": true,
              "fail": false,
              "pending": false,
              "context": null,
              "code": "LoginPage.enterUsername('testtest');\nLoginPage.enterPassword('test');\nLoginPage.clickLogin();\ncy.on('window:alert', txt => {\n  expect(txt).to.be.equal('Wrong Credentials! Try again!');\n});",
              "err": {},
              "uuid": "a86795df-28ac-4d8f-b465-c34fc51038af",
              "parentUUID": "e2a6adae-6b06-4332-bee0-96c803f1266e",
              "isHook": false,
              "skipped": false
            },
            {
              "title": "login valid username and invalid password ",
              "fullTitle": "try testing this - netlify app login valid username and invalid password ",
              "timedOut": null,
              "duration": 1606,
              "state": "passed",
              "speed": "fast",
              "pass": true,
              "fail": false,
              "pending": false,
              "context": null,
              "code": "LoginPage.enterUsername('test');\nLoginPage.enterPassword('test123');\nLoginPage.clickLogin();\ncy.on('window:alert', txt => {\n  expect(txt).to.be.equal('Wrong Credentials! Try again!');\n});",
              "err": {},
              "uuid": "e6b2b59e-0e7d-4a76-bddc-49c11d43f4f5",
              "parentUUID": "e2a6adae-6b06-4332-bee0-96c803f1266e",
              "isHook": false,
              "skipped": false
            }
          ],
          "suites": [],
          "passes": [
            "1626af6a-6d32-4646-b3e3-a9ec0da3a5d6",
            "a86795df-28ac-4d8f-b465-c34fc51038af",
            "e6b2b59e-0e7d-4a76-bddc-49c11d43f4f5"
          ],
          "failures": [],
          "pending": [],
          "skipped": [],
          "duration": 5759,
          "root": false,
          "rootEmpty": false,
          "_timeout": 2000
        }
      ],
      "passes": [],
      "failures": [],
      "pending": [],
      "skipped": [],
      "duration": 0,
      "root": true,
      "rootEmpty": true,
      "_timeout": 2000
    }
  ],
  "meta": {
    "mocha": {
      "version": "7.0.1"
    },
    "mochawesome": {
      "options": {
        "quiet": false,
        "reportFilename": "mochawesome",
        "saveHtml": false,
        "saveJson": true,
        "consoleReporter": "spec",
        "useInlineDiffs": false,
        "code": true
      },
      "version": "7.1.3"
    },
    "marge": {
      "options": {
        "charts": true,
        "overwrite": false,
        "html": false,
        "json": true,
        "reportDir": "cypress/report/mochawesome-report"
      },
      "version": "6.2.0"
    }
  }
}