{
  "stats": {
    "suites": 1,
    "tests": 1,
    "passes": 1,
    "pending": 0,
    "failures": 0,
    "start": "2022-10-27T13:31:39.325Z",
    "end": "2022-10-27T13:31:59.293Z",
    "duration": 19968,
    "testsRegistered": 1,
    "passPercent": 100,
    "pendingPercent": 0,
    "other": 0,
    "hasOther": false,
    "skipped": 0,
    "hasSkipped": false
  },
  "results": [
    {
      "uuid": "cdf8732d-33c1-44b8-bfb4-79e64ff2acdf",
      "title": "",
      "fullFile": "cypress\\e2e\\firstTest.spec.js",
      "file": "cypress\\e2e\\firstTest.spec.js",
      "beforeHooks": [],
      "afterHooks": [],
      "tests": [],
      "suites": [
        {
          "uuid": "b5c428c0-9bcf-4f3d-95c8-ffef79da8fce",
          "title": "describe block",
          "fullFile": "",
          "file": "",
          "beforeHooks": [],
          "afterHooks": [],
          "tests": [
            {
              "title": "hello",
              "fullTitle": "describe block hello",
              "timedOut": null,
              "duration": 16592,
              "state": "passed",
              "speed": "slow",
              "pass": true,
              "fail": false,
              "pending": false,
              "context": null,
              "code": "cy.visit(\"https://google.com\");\ncy.get(\".gLFyf\", {\n  timeout: 1000\n}).type(\"iti {enter}\");",
              "err": {},
              "uuid": "e776e479-c3b7-4556-b3bf-ddae1e059981",
              "parentUUID": "b5c428c0-9bcf-4f3d-95c8-ffef79da8fce",
              "isHook": false,
              "skipped": false
            }
          ],
          "suites": [],
          "passes": [
            "e776e479-c3b7-4556-b3bf-ddae1e059981"
          ],
          "failures": [],
          "pending": [],
          "skipped": [],
          "duration": 16592,
          "root": false,
          "rootEmpty": false,
          "_timeout": 2000
        }
      ],
      "passes": [],
      "failures": [],
      "pending": [],
      "skipped": [],
      "duration": 0,
      "root": true,
      "rootEmpty": true,
      "_timeout": 2000
    }
  ],
  "meta": {
    "mocha": {
      "version": "7.0.1"
    },
    "mochawesome": {
      "options": {
        "quiet": false,
        "reportFilename": "mochawesome",
        "saveHtml": false,
        "saveJson": true,
        "consoleReporter": "spec",
        "useInlineDiffs": false,
        "code": true
      },
      "version": "7.1.3"
    },
    "marge": {
      "options": {
        "charts": true,
        "overwrite": false,
        "html": false,
        "json": true,
        "reportDir": "cypress/report/mochawesome-report"
      },
      "version": "6.2.0"
    }
  }
}