{
  "stats": {
    "suites": 0,
    "tests": 1,
    "passes": 0,
    "pending": 0,
    "failures": 1,
    "start": "2022-10-27T11:50:06.179Z",
    "end": "2022-10-27T11:50:07.358Z",
    "duration": 1179,
    "testsRegistered": 1,
    "passPercent": 0,
    "pendingPercent": 0,
    "other": 0,
    "hasOther": false,
    "skipped": 0,
    "hasSkipped": false
  },
  "results": [
    {
      "uuid": "abd46faf-f6b0-4114-9126-7859e06bd75e",
      "title": "",
      "fullFile": "cypress\\e2e\\reporting\\Login.js",
      "file": "cypress\\e2e\\reporting\\Login.js",
      "beforeHooks": [],
      "afterHooks": [],
      "tests": [
        {
          "title": "My 1st Test",
          "fullTitle": "My 1st Test",
          "timedOut": null,
          "duration": 1097,
          "state": "failed",
          "speed": null,
          "pass": false,
          "fail": true,
          "pending": false,
          "context": null,
          "code": "cy.log('Login 1st Test starts');\ncy.visit('https://trytestingthis.netlify.app/');\ncy.get('#uname').type('test');\ncy.get('#pwd').type('test');\ncy.get('[type=\"submit\"]').click();\ncy.log('Login 1st Test ends');",
          "err": {
            "message": "CypressError: `cy.visit()` failed trying to load:\n\nhttps://trytestingthis.netlify.app/\n\nWe attempted to make an http request to this URL but the request failed without a response.\n\nWe received this error at the network level:\n\n  > Error: getaddrinfo EAI_AGAIN trytestingthis.netlify.app\n\nCommon situations why this would fail:\n  - you don't have internet access\n  - you forgot to run / boot your web server\n  - your web server isn't accessible\n  - you have weird network configuration settings on your computer",
            "estack": "CypressError: `cy.visit()` failed trying to load:\n\nhttps://trytestingthis.netlify.app/\n\nWe attempted to make an http request to this URL but the request failed without a response.\n\nWe received this error at the network level:\n\n  > Error: getaddrinfo EAI_AGAIN trytestingthis.netlify.app\n\nCommon situations why this would fail:\n  - you don't have internet access\n  - you forgot to run / boot your web server\n  - your web server isn't accessible\n  - you have weird network configuration settings on your computer\n    at <unknown> (http://localhost:62557/__cypress/runner/cypress_runner.js:142216:82)\n    at visitFailedByErr (http://localhost:62557/__cypress/runner/cypress_runner.js:141504:12)\n    at <unknown> (http://localhost:62557/__cypress/runner/cypress_runner.js:142215:11)\n    at tryCatcher (http://localhost:62557/__cypress/runner/cypress_runner.js:11318:23)\n    at Promise._settlePromiseFromHandler (http://localhost:62557/__cypress/runner/cypress_runner.js:9253:31)\n    at Promise._settlePromise (http://localhost:62557/__cypress/runner/cypress_runner.js:9310:18)\n    at Promise._settlePromise0 (http://localhost:62557/__cypress/runner/cypress_runner.js:9355:10)\n    at Promise._settlePromises (http://localhost:62557/__cypress/runner/cypress_runner.js:9431:18)\n    at _drainQueueStep (http://localhost:62557/__cypress/runner/cypress_runner.js:6025:12)\n    at _drainQueue (http://localhost:62557/__cypress/runner/cypress_runner.js:6018:9)\n    at ../../node_modules/bluebird/js/release/async.js.Async._drainQueues (http://localhost:62557/__cypress/runner/cypress_runner.js:6034:5)\n    at Async.drainQueues (http://localhost:62557/__cypress/runner/cypress_runner.js:5904:14)\nFrom Your Spec Code:\n    at Context.eval (webpack:///./cypress/e2e/reporting/Login.js:3:7)\n\nFrom Node.js Internals:\n  Error: getaddrinfo EAI_AGAIN trytestingthis.netlify.app\n      at GetAddrInfoReqWrap.onlookup [as oncomplete] (node:dns:71:26)",
            "diff": null
          },
          "uuid": "08805caa-dc0e-4e7e-af20-4946f9af379f",
          "parentUUID": "abd46faf-f6b0-4114-9126-7859e06bd75e",
          "isHook": false,
          "skipped": false
        }
      ],
      "suites": [],
      "passes": [],
      "failures": [
        "08805caa-dc0e-4e7e-af20-4946f9af379f"
      ],
      "pending": [],
      "skipped": [],
      "duration": 1097,
      "root": true,
      "rootEmpty": false,
      "_timeout": 2000
    }
  ],
  "meta": {
    "mocha": {
      "version": "7.0.1"
    },
    "mochawesome": {
      "options": {
        "quiet": false,
        "reportFilename": "mochawesome",
        "saveHtml": false,
        "saveJson": true,
        "consoleReporter": "spec",
        "useInlineDiffs": false,
        "code": true
      },
      "version": "7.1.3"
    },
    "marge": {
      "options": {
        "charts": true,
        "overwrite": false,
        "html": false,
        "json": true,
        "reportDir": "cypress/report/mochawesome-report"
      },
      "version": "6.2.0"
    }
  }
}