{
  "stats": {
    "suites": 1,
    "tests": 1,
    "passes": 1,
    "pending": 0,
    "failures": 0,
    "start": "2022-10-27T08:53:06.360Z",
    "end": "2022-10-27T08:53:51.581Z",
    "duration": 45221,
    "testsRegistered": 1,
    "passPercent": 100,
    "pendingPercent": 0,
    "other": 0,
    "hasOther": false,
    "skipped": 0,
    "hasSkipped": false
  },
  "results": [
    {
      "uuid": "e5f54784-3378-42d2-acd8-be40cb7bb0c1",
      "title": "",
      "fullFile": "cypress\\e2e\\firstTest.spec.js",
      "file": "cypress\\e2e\\firstTest.spec.js",
      "beforeHooks": [],
      "afterHooks": [],
      "tests": [],
      "suites": [
        {
          "uuid": "6dcf13fb-10b4-422f-abbe-8bac3027f57f",
          "title": "describe block",
          "fullFile": "",
          "file": "",
          "beforeHooks": [],
          "afterHooks": [],
          "tests": [
            {
              "title": "hello",
              "fullTitle": "describe block hello",
              "timedOut": null,
              "duration": 40626,
              "state": "passed",
              "speed": "slow",
              "pass": true,
              "fail": false,
              "pending": false,
              "context": null,
              "code": "cy.visit(\"https://google.com\");\ncy.get(\".gLFyf\", {\n  timeout: 1000\n}).type(\"iti {enter}\");",
              "err": {},
              "uuid": "360fca9d-360a-41a0-808c-5ab0875dbf5c",
              "parentUUID": "6dcf13fb-10b4-422f-abbe-8bac3027f57f",
              "isHook": false,
              "skipped": false
            }
          ],
          "suites": [],
          "passes": [
            "360fca9d-360a-41a0-808c-5ab0875dbf5c"
          ],
          "failures": [],
          "pending": [],
          "skipped": [],
          "duration": 40626,
          "root": false,
          "rootEmpty": false,
          "_timeout": 2000
        }
      ],
      "passes": [],
      "failures": [],
      "pending": [],
      "skipped": [],
      "duration": 0,
      "root": true,
      "rootEmpty": true,
      "_timeout": 2000
    }
  ],
  "meta": {
    "mocha": {
      "version": "7.0.1"
    },
    "mochawesome": {
      "options": {
        "quiet": false,
        "reportFilename": "mochawesome",
        "saveHtml": false,
        "saveJson": true,
        "consoleReporter": "spec",
        "useInlineDiffs": false,
        "code": true
      },
      "version": "7.1.3"
    },
    "marge": {
      "options": {
        "charts": true,
        "overwrite": false,
        "html": false,
        "json": true,
        "reportDir": "cypress/report/mochawesome-report"
      },
      "version": "6.2.0"
    }
  }
}