{
  "stats": {
    "suites": 1,
    "tests": 1,
    "passes": 1,
    "pending": 0,
    "failures": 0,
    "start": "2022-10-27T13:30:17.182Z",
    "end": "2022-10-27T13:30:24.468Z",
    "duration": 7286,
    "testsRegistered": 1,
    "passPercent": 100,
    "pendingPercent": 0,
    "other": 0,
    "hasOther": false,
    "skipped": 0,
    "hasSkipped": false
  },
  "results": [
    {
      "uuid": "1d1455a9-10a5-4e73-a05d-37bc5455f227",
      "title": "",
      "fullFile": "cypress\\e2e\\assertions.spec.js",
      "file": "cypress\\e2e\\assertions.spec.js",
      "beforeHooks": [],
      "afterHooks": [],
      "tests": [],
      "suites": [
        {
          "uuid": "96edde39-3391-49ab-ae8c-3696eb30052c",
          "title": "Assertions",
          "fullFile": "",
          "file": "",
          "beforeHooks": [],
          "afterHooks": [],
          "tests": [
            {
              "title": "hello in assertions",
              "fullTitle": "Assertions hello in assertions",
              "timedOut": null,
              "duration": 2822,
              "state": "passed",
              "speed": "fast",
              "pass": true,
              "fail": false,
              "pending": false,
              "context": null,
              "code": "cy.visit(\"https://example.cypress.io\");\ncy.contains('get').click();\ncy.get('#query-btn').should('contain', 'Button').should('have.class', 'query-btn').should('be.visible').should('be.enabled');\ncy.get('#query-btn').invoke('attr', 'id').should('equal', 'query-btn');\ncy.get('#query-btn').should('contain', 'Button').and('have.class', 'query-btn'); // Explicit assertions\n// Expect\nexpect(true).to.be.true;\nlet name = 'Sara';\nexpect(name).to.be.equal('Sara'); // Assert\nassert.equal(4, 4, 'Not Equal');\nassert.strictEqual(4, 4, 'Not Strictly Equal');",
              "err": {},
              "uuid": "06cdd4ce-ba23-4e56-82c6-241e42b792e2",
              "parentUUID": "96edde39-3391-49ab-ae8c-3696eb30052c",
              "isHook": false,
              "skipped": false
            }
          ],
          "suites": [],
          "passes": [
            "06cdd4ce-ba23-4e56-82c6-241e42b792e2"
          ],
          "failures": [],
          "pending": [],
          "skipped": [],
          "duration": 2822,
          "root": false,
          "rootEmpty": false,
          "_timeout": 2000
        }
      ],
      "passes": [],
      "failures": [],
      "pending": [],
      "skipped": [],
      "duration": 0,
      "root": true,
      "rootEmpty": true,
      "_timeout": 2000
    }
  ],
  "meta": {
    "mocha": {
      "version": "7.0.1"
    },
    "mochawesome": {
      "options": {
        "quiet": false,
        "reportFilename": "mochawesome",
        "saveHtml": false,
        "saveJson": true,
        "consoleReporter": "spec",
        "useInlineDiffs": false,
        "code": true
      },
      "version": "7.1.3"
    },
    "marge": {
      "options": {
        "charts": true,
        "overwrite": false,
        "html": false,
        "json": true,
        "reportDir": "cypress/report/mochawesome-report"
      },
      "version": "6.2.0"
    }
  }
}