{
  "stats": {
    "suites": 0,
    "tests": 2,
    "passes": 1,
    "pending": 0,
    "failures": 1,
    "start": "2022-10-27T13:33:00.890Z",
    "end": "2022-10-27T13:33:28.716Z",
    "duration": 27826,
    "testsRegistered": 2,
    "passPercent": 50,
    "pendingPercent": 0,
    "other": 0,
    "hasOther": false,
    "skipped": 0,
    "hasSkipped": false
  },
  "results": [
    {
      "uuid": "cab764ac-75e3-4852-a2f9-656eca6bd129",
      "title": "",
      "fullFile": "cypress\\e2e\\reporting\\GoogleSearch.js",
      "file": "cypress\\e2e\\reporting\\GoogleSearch.js",
      "beforeHooks": [],
      "afterHooks": [],
      "tests": [
        {
          "title": "Google search 1st Test",
          "fullTitle": "Google search 1st Test",
          "timedOut": null,
          "duration": 14242,
          "state": "passed",
          "speed": "slow",
          "pass": true,
          "fail": false,
          "pending": false,
          "context": null,
          "code": "cy.log('Google 1st Test starts');\ncy.visit('https://google.com');\ncy.get('.gLFyf').type('cypress{enter}');\ncy.log('Google 1st Test ends');",
          "err": {},
          "uuid": "b082848c-d204-4a73-a115-4068be41a3a1",
          "parentUUID": "cab764ac-75e3-4852-a2f9-656eca6bd129",
          "isHook": false,
          "skipped": false
        },
        {
          "title": "Google search 2nd Test",
          "fullTitle": "Google search 2nd Test",
          "timedOut": null,
          "duration": 10840,
          "state": "failed",
          "speed": null,
          "pass": false,
          "fail": true,
          "pending": false,
          "context": null,
          "code": "cy.log('Google 2nd Test starts');\ncy.visit('https://google.com');\ncy.get('.gLFy').type('cypress{enter}');\ncy.log('Google 2nd Test ends');",
          "err": {
            "message": "AssertionError: Timed out retrying after 5000ms: Expected to find element: `.gLFy`, but never found it.",
            "estack": "AssertionError: Timed out retrying after 5000ms: Expected to find element: `.gLFy`, but never found it.\n    at Context.eval (webpack:///./cypress/e2e/reporting/GoogleSearch.js:13:7)",
            "diff": null
          },
          "uuid": "ff670bcb-555e-4c87-9e8d-b0eae37710a2",
          "parentUUID": "cab764ac-75e3-4852-a2f9-656eca6bd129",
          "isHook": false,
          "skipped": false
        }
      ],
      "suites": [],
      "passes": [
        "b082848c-d204-4a73-a115-4068be41a3a1"
      ],
      "failures": [
        "ff670bcb-555e-4c87-9e8d-b0eae37710a2"
      ],
      "pending": [],
      "skipped": [],
      "duration": 25082,
      "root": true,
      "rootEmpty": false,
      "_timeout": 2000
    }
  ],
  "meta": {
    "mocha": {
      "version": "7.0.1"
    },
    "mochawesome": {
      "options": {
        "quiet": false,
        "reportFilename": "mochawesome",
        "saveHtml": false,
        "saveJson": true,
        "consoleReporter": "spec",
        "useInlineDiffs": false,
        "code": true
      },
      "version": "7.1.3"
    },
    "marge": {
      "options": {
        "charts": true,
        "overwrite": false,
        "html": false,
        "json": true,
        "reportDir": "cypress/report/mochawesome-report"
      },
      "version": "6.2.0"
    }
  }
}