{
  "stats": {
    "suites": 1,
    "tests": 3,
    "passes": 3,
    "pending": 0,
    "failures": 0,
    "start": "2022-10-27T11:49:10.946Z",
    "end": "2022-10-27T11:49:17.815Z",
    "duration": 6869,
    "testsRegistered": 3,
    "passPercent": 100,
    "pendingPercent": 0,
    "other": 0,
    "hasOther": false,
    "skipped": 0,
    "hasSkipped": false
  },
  "results": [
    {
      "uuid": "48656654-65ba-4c95-935f-785d6db69427",
      "title": "",
      "fullFile": "cypress\\e2e\\login.js",
      "file": "cypress\\e2e\\login.js",
      "beforeHooks": [],
      "afterHooks": [],
      "tests": [],
      "suites": [
        {
          "uuid": "b4662c91-7f34-495b-acdd-6b5d46528fda",
          "title": "try testing this - netlify app",
          "fullFile": "",
          "file": "",
          "beforeHooks": [],
          "afterHooks": [],
          "tests": [
            {
              "title": "login valid username and password ",
              "fullTitle": "try testing this - netlify app login valid username and password ",
              "timedOut": null,
              "duration": 1260,
              "state": "passed",
              "speed": "fast",
              "pass": true,
              "fail": false,
              "pending": false,
              "context": null,
              "code": "LoginPage.enterUsername('test');\nLoginPage.enterPassword('test');\nLoginPage.clickLogin();\ncy.contains('Login Successful');\ncy.contains('here').click();",
              "err": {},
              "uuid": "35661eed-9158-4a0b-9f0a-5f1dd79f3e47",
              "parentUUID": "b4662c91-7f34-495b-acdd-6b5d46528fda",
              "isHook": false,
              "skipped": false
            },
            {
              "title": "login invalid username and valid password ",
              "fullTitle": "try testing this - netlify app login invalid username and valid password ",
              "timedOut": null,
              "duration": 1105,
              "state": "passed",
              "speed": "fast",
              "pass": true,
              "fail": false,
              "pending": false,
              "context": null,
              "code": "LoginPage.enterUsername('testtest');\nLoginPage.enterPassword('test');\nLoginPage.clickLogin();\ncy.on('window:alert', txt => {\n  expect(txt).to.be.equal('Wrong Credentials! Try again!');\n});",
              "err": {},
              "uuid": "7bd6bbec-80a1-4df6-9908-4f406bc89a0c",
              "parentUUID": "b4662c91-7f34-495b-acdd-6b5d46528fda",
              "isHook": false,
              "skipped": false
            },
            {
              "title": "login valid username and invalid password ",
              "fullTitle": "try testing this - netlify app login valid username and invalid password ",
              "timedOut": null,
              "duration": 1296,
              "state": "passed",
              "speed": "fast",
              "pass": true,
              "fail": false,
              "pending": false,
              "context": null,
              "code": "LoginPage.enterUsername('test');\nLoginPage.enterPassword('test123');\nLoginPage.clickLogin();\ncy.on('window:alert', txt => {\n  expect(txt).to.be.equal('Wrong Credentials! Try again!');\n});",
              "err": {},
              "uuid": "b51cb8b4-c6ae-4a5f-9f86-86c9e4ffdc88",
              "parentUUID": "b4662c91-7f34-495b-acdd-6b5d46528fda",
              "isHook": false,
              "skipped": false
            }
          ],
          "suites": [],
          "passes": [
            "35661eed-9158-4a0b-9f0a-5f1dd79f3e47",
            "7bd6bbec-80a1-4df6-9908-4f406bc89a0c",
            "b51cb8b4-c6ae-4a5f-9f86-86c9e4ffdc88"
          ],
          "failures": [],
          "pending": [],
          "skipped": [],
          "duration": 3661,
          "root": false,
          "rootEmpty": false,
          "_timeout": 2000
        }
      ],
      "passes": [],
      "failures": [],
      "pending": [],
      "skipped": [],
      "duration": 0,
      "root": true,
      "rootEmpty": true,
      "_timeout": 2000
    }
  ],
  "meta": {
    "mocha": {
      "version": "7.0.1"
    },
    "mochawesome": {
      "options": {
        "quiet": false,
        "reportFilename": "mochawesome",
        "saveHtml": false,
        "saveJson": true,
        "consoleReporter": "spec",
        "useInlineDiffs": false,
        "code": true
      },
      "version": "7.1.3"
    },
    "marge": {
      "options": {
        "charts": true,
        "overwrite": false,
        "html": false,
        "json": true,
        "reportDir": "cypress/report/mochawesome-report"
      },
      "version": "6.2.0"
    }
  }
}