{
  "stats": {
    "suites": 0,
    "tests": 2,
    "passes": 1,
    "pending": 0,
    "failures": 1,
    "start": "2022-10-27T11:49:25.526Z",
    "end": "2022-10-27T11:49:55.702Z",
    "duration": 30176,
    "testsRegistered": 2,
    "passPercent": 50,
    "pendingPercent": 0,
    "other": 0,
    "hasOther": false,
    "skipped": 0,
    "hasSkipped": false
  },
  "results": [
    {
      "uuid": "c17769a9-6bc3-441a-828b-310084334875",
      "title": "",
      "fullFile": "cypress\\e2e\\reporting\\GoogleSearch.js",
      "file": "cypress\\e2e\\reporting\\GoogleSearch.js",
      "beforeHooks": [],
      "afterHooks": [],
      "tests": [
        {
          "title": "Google search 1st Test",
          "fullTitle": "Google search 1st Test",
          "timedOut": null,
          "duration": 18854,
          "state": "passed",
          "speed": "slow",
          "pass": true,
          "fail": false,
          "pending": false,
          "context": null,
          "code": "cy.log('Google 1st Test starts');\ncy.visit('https://google.com');\ncy.get('.gLFyf').type('cypress{enter}');\ncy.log('Google 1st Test ends');",
          "err": {},
          "uuid": "e0afd613-1f15-4973-a5a2-6113a215e0c6",
          "parentUUID": "c17769a9-6bc3-441a-828b-310084334875",
          "isHook": false,
          "skipped": false
        },
        {
          "title": "Google search 2nd Test",
          "fullTitle": "Google search 2nd Test",
          "timedOut": null,
          "duration": 8746,
          "state": "failed",
          "speed": null,
          "pass": false,
          "fail": true,
          "pending": false,
          "context": null,
          "code": "cy.log('Google 2nd Test starts');\ncy.visit('https://google.com');\ncy.get('.gLFy').type('cypress{enter}');\ncy.log('Google 2nd Test ends');",
          "err": {
            "message": "AssertionError: Timed out retrying after 5000ms: Expected to find element: `.gLFy`, but never found it.",
            "estack": "AssertionError: Timed out retrying after 5000ms: Expected to find element: `.gLFy`, but never found it.\n    at Context.eval (webpack:///./cypress/e2e/reporting/GoogleSearch.js:13:7)",
            "diff": null
          },
          "uuid": "a41ee341-7a42-4d34-a81e-5d86748a3736",
          "parentUUID": "c17769a9-6bc3-441a-828b-310084334875",
          "isHook": false,
          "skipped": false
        }
      ],
      "suites": [],
      "passes": [
        "e0afd613-1f15-4973-a5a2-6113a215e0c6"
      ],
      "failures": [
        "a41ee341-7a42-4d34-a81e-5d86748a3736"
      ],
      "pending": [],
      "skipped": [],
      "duration": 27600,
      "root": true,
      "rootEmpty": false,
      "_timeout": 2000
    }
  ],
  "meta": {
    "mocha": {
      "version": "7.0.1"
    },
    "mochawesome": {
      "options": {
        "quiet": false,
        "reportFilename": "mochawesome",
        "saveHtml": false,
        "saveJson": true,
        "consoleReporter": "spec",
        "useInlineDiffs": false,
        "code": true
      },
      "version": "7.1.3"
    },
    "marge": {
      "options": {
        "charts": true,
        "overwrite": false,
        "html": false,
        "json": true,
        "reportDir": "cypress/report/mochawesome-report"
      },
      "version": "6.2.0"
    }
  }
}