{
  "stats": {
    "suites": 0,
    "tests": 2,
    "passes": 1,
    "pending": 0,
    "failures": 1,
    "start": "2022-10-27T08:54:30.392Z",
    "end": "2022-10-27T08:55:09.294Z",
    "duration": 38902,
    "testsRegistered": 2,
    "passPercent": 50,
    "pendingPercent": 0,
    "other": 0,
    "hasOther": false,
    "skipped": 0,
    "hasSkipped": false
  },
  "results": [
    {
      "uuid": "688ec545-9dfd-442c-bc13-71902b554a86",
      "title": "",
      "fullFile": "cypress\\e2e\\reporting\\GoogleSearch.js",
      "file": "cypress\\e2e\\reporting\\GoogleSearch.js",
      "beforeHooks": [],
      "afterHooks": [],
      "tests": [
        {
          "title": "Google search 1st Test",
          "fullTitle": "Google search 1st Test",
          "timedOut": null,
          "duration": 23766,
          "state": "passed",
          "speed": "slow",
          "pass": true,
          "fail": false,
          "pending": false,
          "context": null,
          "code": "cy.log('Google 1st Test starts');\ncy.visit('https://google.com');\ncy.get('.gLFyf').type('cypress{enter}');\ncy.log('Google 1st Test ends');",
          "err": {},
          "uuid": "d801485c-b080-4d02-af2b-c0e453db2b93",
          "parentUUID": "688ec545-9dfd-442c-bc13-71902b554a86",
          "isHook": false,
          "skipped": false
        },
        {
          "title": "Google search 2nd Test",
          "fullTitle": "Google search 2nd Test",
          "timedOut": null,
          "duration": 9848,
          "state": "failed",
          "speed": null,
          "pass": false,
          "fail": true,
          "pending": false,
          "context": null,
          "code": "cy.log('Google 2nd Test starts');\ncy.visit('https://google.com');\ncy.get('.gLFy').type('cypress{enter}');\ncy.log('Google 2nd Test ends');",
          "err": {
            "message": "AssertionError: Timed out retrying after 5000ms: Expected to find element: `.gLFy`, but never found it.",
            "estack": "AssertionError: Timed out retrying after 5000ms: Expected to find element: `.gLFy`, but never found it.\n    at Context.eval (webpack:///./cypress/e2e/reporting/GoogleSearch.js:13:7)",
            "diff": null
          },
          "uuid": "a7bdb8da-3185-4500-95d4-872cec6679be",
          "parentUUID": "688ec545-9dfd-442c-bc13-71902b554a86",
          "isHook": false,
          "skipped": false
        }
      ],
      "suites": [],
      "passes": [
        "d801485c-b080-4d02-af2b-c0e453db2b93"
      ],
      "failures": [
        "a7bdb8da-3185-4500-95d4-872cec6679be"
      ],
      "pending": [],
      "skipped": [],
      "duration": 33614,
      "root": true,
      "rootEmpty": false,
      "_timeout": 2000
    }
  ],
  "meta": {
    "mocha": {
      "version": "7.0.1"
    },
    "mochawesome": {
      "options": {
        "quiet": false,
        "reportFilename": "mochawesome",
        "saveHtml": false,
        "saveJson": true,
        "consoleReporter": "spec",
        "useInlineDiffs": false,
        "code": true
      },
      "version": "7.1.3"
    },
    "marge": {
      "options": {
        "charts": true,
        "overwrite": false,
        "html": false,
        "json": true,
        "reportDir": "cypress/report/mochawesome-report"
      },
      "version": "6.2.0"
    }
  }
}