{
  "stats": {
    "suites": 1,
    "tests": 1,
    "passes": 1,
    "pending": 0,
    "failures": 0,
    "start": "2022-10-27T08:51:27.569Z",
    "end": "2022-10-27T08:51:39.102Z",
    "duration": 11533,
    "testsRegistered": 1,
    "passPercent": 100,
    "pendingPercent": 0,
    "other": 0,
    "hasOther": false,
    "skipped": 0,
    "hasSkipped": false
  },
  "results": [
    {
      "uuid": "5cbda544-84f3-4be0-98ba-0f0a266c1a0c",
      "title": "",
      "fullFile": "cypress\\e2e\\assertions.spec.js",
      "file": "cypress\\e2e\\assertions.spec.js",
      "beforeHooks": [],
      "afterHooks": [],
      "tests": [],
      "suites": [
        {
          "uuid": "12d2ac8f-4197-4a2e-a30a-c2d42e0ec740",
          "title": "Assertions",
          "fullFile": "",
          "file": "",
          "beforeHooks": [],
          "afterHooks": [],
          "tests": [
            {
              "title": "hello in assertions",
              "fullTitle": "Assertions hello in assertions",
              "timedOut": null,
              "duration": 5085,
              "state": "passed",
              "speed": "medium",
              "pass": true,
              "fail": false,
              "pending": false,
              "context": null,
              "code": "cy.visit(\"https://example.cypress.io\");\ncy.contains('get').click();\ncy.get('#query-btn').should('contain', 'Button').should('have.class', 'query-btn').should('be.visible').should('be.enabled');\ncy.get('#query-btn').invoke('attr', 'id').should('equal', 'query-btn');\ncy.get('#query-btn').should('contain', 'Button').and('have.class', 'query-btn'); // Explicit assertions\n// Expect\nexpect(true).to.be.true;\nlet name = 'Sara';\nexpect(name).to.be.equal('Sara'); // Assert\nassert.equal(4, 4, 'Not Equal');\nassert.strictEqual(4, 4, 'Not Strictly Equal');",
              "err": {},
              "uuid": "fd328932-347a-46a9-9e43-e3de1aad7e1e",
              "parentUUID": "12d2ac8f-4197-4a2e-a30a-c2d42e0ec740",
              "isHook": false,
              "skipped": false
            }
          ],
          "suites": [],
          "passes": [
            "fd328932-347a-46a9-9e43-e3de1aad7e1e"
          ],
          "failures": [],
          "pending": [],
          "skipped": [],
          "duration": 5085,
          "root": false,
          "rootEmpty": false,
          "_timeout": 2000
        }
      ],
      "passes": [],
      "failures": [],
      "pending": [],
      "skipped": [],
      "duration": 0,
      "root": true,
      "rootEmpty": true,
      "_timeout": 2000
    }
  ],
  "meta": {
    "mocha": {
      "version": "7.0.1"
    },
    "mochawesome": {
      "options": {
        "quiet": false,
        "reportFilename": "mochawesome",
        "saveHtml": false,
        "saveJson": true,
        "consoleReporter": "spec",
        "useInlineDiffs": false,
        "code": true
      },
      "version": "7.1.3"
    },
    "marge": {
      "options": {
        "charts": true,
        "overwrite": false,
        "html": false,
        "json": true,
        "reportDir": "cypress/report/mochawesome-report"
      },
      "version": "6.2.0"
    }
  }
}