{
  "stats": {
    "suites": 1,
    "tests": 2,
    "passes": 1,
    "pending": 0,
    "failures": 1,
    "start": "2022-11-17T04:42:23.808Z",
    "end": "2022-11-17T04:42:43.797Z",
    "duration": 19989,
    "testsRegistered": 2,
    "passPercent": 50,
    "pendingPercent": 0,
    "other": 0,
    "hasOther": false,
    "skipped": 0,
    "hasSkipped": false
  },
  "results": [
    {
      "uuid": "f2ce0817-57d5-4dc2-bc8c-387a3312d95c",
      "title": "",
      "fullFile": "cypress\\e2e\\cucumber-tests\\login.feature",
      "file": "cypress\\e2e\\cucumber-tests\\login.feature",
      "beforeHooks": [],
      "afterHooks": [],
      "tests": [],
      "suites": [
        {
          "uuid": "12f03ead-746a-4a42-a749-c1a726213424",
          "title": "test the login functionality",
          "fullFile": "",
          "file": "",
          "beforeHooks": [],
          "afterHooks": [],
          "tests": [
            {
              "title": "test login with valide and invalid credentials (example #1)",
              "fullTitle": "test the login functionality test login with valide and invalid credentials (example #1)",
              "timedOut": null,
              "duration": 8654,
              "state": "passed",
              "speed": "medium",
              "pass": true,
              "fail": false,
              "pending": false,
              "context": null,
              "code": "const state = window.testState;\nreturn cy\n  .then(() => state.onStartScenario(scenario, indexedSteps))\n  .then(() =>\n    resolveAndRunBeforeHooks.call(this, scenario.tags, state.feature.name)\n  )\n  .then(() =>\n    indexedSteps.forEach((step) =>\n      stepTest.call(this, state, step, rowData)\n    )\n  )\n  .then(() => state.onFinishScenario(scenario));",
              "err": {},
              "uuid": "2954a024-67cb-4c23-a9a2-c7affc2bfc44",
              "parentUUID": "12f03ead-746a-4a42-a749-c1a726213424",
              "isHook": false,
              "skipped": false
            },
            {
              "title": "test login with valide and invalid credentials (example #2)",
              "fullTitle": "test the login functionality test login with valide and invalid credentials (example #2)",
              "timedOut": null,
              "duration": 5775,
              "state": "failed",
              "speed": null,
              "pass": false,
              "fail": true,
              "pending": false,
              "context": null,
              "code": "const state = window.testState;\nreturn cy\n  .then(() => state.onStartScenario(scenario, indexedSteps))\n  .then(() =>\n    resolveAndRunBeforeHooks.call(this, scenario.tags, state.feature.name)\n  )\n  .then(() =>\n    indexedSteps.forEach((step) =>\n      stepTest.call(this, state, step, rowData)\n    )\n  )\n  .then(() => state.onFinishScenario(scenario));",
              "err": {
                "message": "AssertionError: Timed out retrying after 4000ms: Expected to find content: 'Logout' but never did.",
                "estack": "AssertionError: Timed out retrying after 4000ms: Expected to find content: 'Logout' but never did.\n    at Context.eval (cypress/e2e/cucumber-tests/login/loginSteps.js:18:7)\n    at Context.resolveAndRunStepDefinition (node_modules/cypress-cucumber-preprocessor/lib/resolveStepDefinition.js:193:0)\n    at Context.eval (node_modules/cypress-cucumber-preprocessor/lib/createTestFromScenario.js:27:0)",
                "diff": null
              },
              "uuid": "55983c48-c06a-4cd8-b61b-6dc710776aab",
              "parentUUID": "12f03ead-746a-4a42-a749-c1a726213424",
              "isHook": false,
              "skipped": false
            }
          ],
          "suites": [],
          "passes": [
            "2954a024-67cb-4c23-a9a2-c7affc2bfc44"
          ],
          "failures": [
            "55983c48-c06a-4cd8-b61b-6dc710776aab"
          ],
          "pending": [],
          "skipped": [],
          "duration": 14429,
          "root": false,
          "rootEmpty": false,
          "_timeout": 2000
        }
      ],
      "passes": [],
      "failures": [],
      "pending": [],
      "skipped": [],
      "duration": 0,
      "root": true,
      "rootEmpty": true,
      "_timeout": 2000
    }
  ],
  "meta": {
    "mocha": {
      "version": "7.0.1"
    },
    "mochawesome": {
      "options": {
        "quiet": false,
        "reportFilename": "mochawesome",
        "saveHtml": false,
        "saveJson": true,
        "consoleReporter": "spec",
        "useInlineDiffs": false,
        "code": true
      },
      "version": "7.1.3"
    },
    "marge": {
      "options": {
        "charts": true,
        "overwrite": false,
        "html": false,
        "json": true,
        "reportDir": "cypress/report/mochawesome-report"
      },
      "version": "6.2.0"
    }
  }
}