{
  "stats": {
    "suites": 1,
    "tests": 1,
    "passes": 0,
    "pending": 0,
    "failures": 1,
    "start": "2022-10-27T08:52:47.972Z",
    "end": "2022-10-27T08:52:57.864Z",
    "duration": 9892,
    "testsRegistered": 1,
    "passPercent": 0,
    "pendingPercent": 0,
    "other": 0,
    "hasOther": false,
    "skipped": 0,
    "hasSkipped": false
  },
  "results": [
    {
      "uuid": "fcdbecf9-ea15-4674-baa0-65829b7b5a7a",
      "title": "",
      "fullFile": "cypress\\e2e\\fileUpload.spec.js",
      "file": "cypress\\e2e\\fileUpload.spec.js",
      "beforeHooks": [],
      "afterHooks": [],
      "tests": [],
      "suites": [
        {
          "uuid": "b3c4e9bd-ebb4-40ad-9a90-5052984e6d8a",
          "title": "Upload File Tests",
          "fullFile": "",
          "file": "",
          "beforeHooks": [],
          "afterHooks": [],
          "tests": [
            {
              "title": "upload file",
              "fullTitle": "Upload File Tests upload file",
              "timedOut": null,
              "duration": 5927,
              "state": "failed",
              "speed": null,
              "pass": false,
              "fail": true,
              "pending": false,
              "context": null,
              "code": "cy.visit('https://filebin.net/'); // The photo exist in the fixture folder path\ncy.get('[id=\"fileField\"]').attachFile('cypress.png');",
              "err": {
                "message": "AssertionError: Timed out retrying after 5000ms: Expected to find element: `[id=\"fileField\"]`, but never found it.",
                "estack": "AssertionError: Timed out retrying after 5000ms: Expected to find element: `[id=\"fileField\"]`, but never found it.\n    at Context.eval (webpack:///./cypress/e2e/fileUpload.spec.js:9:11)",
                "diff": null
              },
              "uuid": "c9a25c5f-e058-489d-bad5-770eeed8f994",
              "parentUUID": "b3c4e9bd-ebb4-40ad-9a90-5052984e6d8a",
              "isHook": false,
              "skipped": false
            }
          ],
          "suites": [],
          "passes": [],
          "failures": [
            "c9a25c5f-e058-489d-bad5-770eeed8f994"
          ],
          "pending": [],
          "skipped": [],
          "duration": 5927,
          "root": false,
          "rootEmpty": false,
          "_timeout": 2000
        }
      ],
      "passes": [],
      "failures": [],
      "pending": [],
      "skipped": [],
      "duration": 0,
      "root": true,
      "rootEmpty": true,
      "_timeout": 2000
    }
  ],
  "meta": {
    "mocha": {
      "version": "7.0.1"
    },
    "mochawesome": {
      "options": {
        "quiet": false,
        "reportFilename": "mochawesome",
        "saveHtml": false,
        "saveJson": true,
        "consoleReporter": "spec",
        "useInlineDiffs": false,
        "code": true
      },
      "version": "7.1.3"
    },
    "marge": {
      "options": {
        "charts": true,
        "overwrite": false,
        "html": false,
        "json": true,
        "reportDir": "cypress/report/mochawesome-report"
      },
      "version": "6.2.0"
    }
  }
}