{
  "stats": {
    "suites": 1,
    "tests": 3,
    "passes": 3,
    "pending": 0,
    "failures": 0,
    "start": "2022-10-27T11:49:22.082Z",
    "end": "2022-10-27T11:49:22.279Z",
    "duration": 197,
    "testsRegistered": 3,
    "passPercent": 100,
    "pendingPercent": 0,
    "other": 0,
    "hasOther": false,
    "skipped": 0,
    "hasSkipped": false
  },
  "results": [
    {
      "uuid": "22750935-7078-4d0a-9a2f-e8fcbbb2d89b",
      "title": "",
      "fullFile": "cypress\\e2e\\readWriteFile.spec.js",
      "file": "cypress\\e2e\\readWriteFile.spec.js",
      "beforeHooks": [],
      "afterHooks": [],
      "tests": [],
      "suites": [
        {
          "uuid": "617d3104-2580-4994-82a4-7d9a7147ebdd",
          "title": "read write file tests",
          "fullFile": "",
          "file": "",
          "beforeHooks": [],
          "afterHooks": [],
          "tests": [
            {
              "title": "read file using fixture",
              "fullTitle": "read write file tests read file using fixture",
              "timedOut": null,
              "duration": 76,
              "state": "passed",
              "speed": "fast",
              "pass": true,
              "fail": false,
              "pending": false,
              "context": null,
              "code": "cy.fixture('example.json').its('name').should('eq', 'Cypress');",
              "err": {},
              "uuid": "d488bba1-f29b-463c-9eee-1bfefef22e92",
              "parentUUID": "617d3104-2580-4994-82a4-7d9a7147ebdd",
              "isHook": false,
              "skipped": false
            },
            {
              "title": "read file ",
              "fullTitle": "read write file tests read file ",
              "timedOut": null,
              "duration": 36,
              "state": "passed",
              "speed": "fast",
              "pass": true,
              "fail": false,
              "pending": false,
              "context": null,
              "code": "cy.readFile('./cypress/fixtures/example.json').its('name').should('eq', 'Cypress');",
              "err": {},
              "uuid": "20e3a813-420d-4d57-aa1e-abd6ef8209e5",
              "parentUUID": "617d3104-2580-4994-82a4-7d9a7147ebdd",
              "isHook": false,
              "skipped": false
            },
            {
              "title": "Write file ",
              "fullTitle": "read write file tests Write file ",
              "timedOut": null,
              "duration": 51,
              "state": "passed",
              "speed": "fast",
              "pass": true,
              "fail": false,
              "pending": false,
              "context": null,
              "code": "cy.writeFile('sample.txt', 'Hello, we are learning Cypress');\ncy.writeFile('sample.txt', '\\nHi, I am SaRa', {\n  flag: 'a+'\n});\ncy.readFile('sample.txt').should('contain', 'Cypress');",
              "err": {},
              "uuid": "ef47a644-0edf-4776-8d0b-3363cfdfe0af",
              "parentUUID": "617d3104-2580-4994-82a4-7d9a7147ebdd",
              "isHook": false,
              "skipped": false
            }
          ],
          "suites": [],
          "passes": [
            "d488bba1-f29b-463c-9eee-1bfefef22e92",
            "20e3a813-420d-4d57-aa1e-abd6ef8209e5",
            "ef47a644-0edf-4776-8d0b-3363cfdfe0af"
          ],
          "failures": [],
          "pending": [],
          "skipped": [],
          "duration": 163,
          "root": false,
          "rootEmpty": false,
          "_timeout": 2000
        }
      ],
      "passes": [],
      "failures": [],
      "pending": [],
      "skipped": [],
      "duration": 0,
      "root": true,
      "rootEmpty": true,
      "_timeout": 2000
    }
  ],
  "meta": {
    "mocha": {
      "version": "7.0.1"
    },
    "mochawesome": {
      "options": {
        "quiet": false,
        "reportFilename": "mochawesome",
        "saveHtml": false,
        "saveJson": true,
        "consoleReporter": "spec",
        "useInlineDiffs": false,
        "code": true
      },
      "version": "7.1.3"
    },
    "marge": {
      "options": {
        "charts": true,
        "overwrite": false,
        "html": false,
        "json": true,
        "reportDir": "cypress/report/mochawesome-report"
      },
      "version": "6.2.0"
    }
  }
}