{
  "stats": {
    "suites": 1,
    "tests": 3,
    "passes": 3,
    "pending": 0,
    "failures": 0,
    "start": "2022-10-27T08:54:25.895Z",
    "end": "2022-10-27T08:54:26.198Z",
    "duration": 303,
    "testsRegistered": 3,
    "passPercent": 100,
    "pendingPercent": 0,
    "other": 0,
    "hasOther": false,
    "skipped": 0,
    "hasSkipped": false
  },
  "results": [
    {
      "uuid": "9b875c9c-d6d1-4a51-b772-bf63908ac5e7",
      "title": "",
      "fullFile": "cypress\\e2e\\readWriteFile.spec.js",
      "file": "cypress\\e2e\\readWriteFile.spec.js",
      "beforeHooks": [],
      "afterHooks": [],
      "tests": [],
      "suites": [
        {
          "uuid": "b188a335-996f-41c6-a0c2-f0a2c09a07d7",
          "title": "read write file tests",
          "fullFile": "",
          "file": "",
          "beforeHooks": [],
          "afterHooks": [],
          "tests": [
            {
              "title": "read file using fixture",
              "fullTitle": "read write file tests read file using fixture",
              "timedOut": null,
              "duration": 112,
              "state": "passed",
              "speed": "fast",
              "pass": true,
              "fail": false,
              "pending": false,
              "context": null,
              "code": "cy.fixture('example.json').its('name').should('eq', 'Cypress');",
              "err": {},
              "uuid": "6d5d3804-55c5-445f-8256-1a500bd45517",
              "parentUUID": "b188a335-996f-41c6-a0c2-f0a2c09a07d7",
              "isHook": false,
              "skipped": false
            },
            {
              "title": "read file ",
              "fullTitle": "read write file tests read file ",
              "timedOut": null,
              "duration": 54,
              "state": "passed",
              "speed": "fast",
              "pass": true,
              "fail": false,
              "pending": false,
              "context": null,
              "code": "cy.readFile('./cypress/fixtures/example.json').its('name').should('eq', 'Cypress');",
              "err": {},
              "uuid": "5bbe0ca5-0273-4d3a-b09d-ae700604ae9b",
              "parentUUID": "b188a335-996f-41c6-a0c2-f0a2c09a07d7",
              "isHook": false,
              "skipped": false
            },
            {
              "title": "Write file ",
              "fullTitle": "read write file tests Write file ",
              "timedOut": null,
              "duration": 82,
              "state": "passed",
              "speed": "fast",
              "pass": true,
              "fail": false,
              "pending": false,
              "context": null,
              "code": "cy.writeFile('sample.txt', 'Hello, we are learning Cypress');\ncy.writeFile('sample.txt', '\\nHi, I am SaRa', {\n  flag: 'a+'\n});\ncy.readFile('sample.txt').should('contain', 'Cypress');",
              "err": {},
              "uuid": "60d7d102-a240-44de-9632-d774015a21b0",
              "parentUUID": "b188a335-996f-41c6-a0c2-f0a2c09a07d7",
              "isHook": false,
              "skipped": false
            }
          ],
          "suites": [],
          "passes": [
            "6d5d3804-55c5-445f-8256-1a500bd45517",
            "5bbe0ca5-0273-4d3a-b09d-ae700604ae9b",
            "60d7d102-a240-44de-9632-d774015a21b0"
          ],
          "failures": [],
          "pending": [],
          "skipped": [],
          "duration": 248,
          "root": false,
          "rootEmpty": false,
          "_timeout": 2000
        }
      ],
      "passes": [],
      "failures": [],
      "pending": [],
      "skipped": [],
      "duration": 0,
      "root": true,
      "rootEmpty": true,
      "_timeout": 2000
    }
  ],
  "meta": {
    "mocha": {
      "version": "7.0.1"
    },
    "mochawesome": {
      "options": {
        "quiet": false,
        "reportFilename": "mochawesome",
        "saveHtml": false,
        "saveJson": true,
        "consoleReporter": "spec",
        "useInlineDiffs": false,
        "code": true
      },
      "version": "7.1.3"
    },
    "marge": {
      "options": {
        "charts": true,
        "overwrite": false,
        "html": false,
        "json": true,
        "reportDir": "cypress/report/mochawesome-report"
      },
      "version": "6.2.0"
    }
  }
}