{
  "stats": {
    "suites": 1,
    "tests": 3,
    "passes": 3,
    "pending": 0,
    "failures": 0,
    "start": "2022-10-27T13:32:50.487Z",
    "end": "2022-10-27T13:32:50.687Z",
    "duration": 200,
    "testsRegistered": 3,
    "passPercent": 100,
    "pendingPercent": 0,
    "other": 0,
    "hasOther": false,
    "skipped": 0,
    "hasSkipped": false
  },
  "results": [
    {
      "uuid": "a65c97ed-4f40-420a-944d-bce7bf9d9215",
      "title": "",
      "fullFile": "cypress\\e2e\\readWriteFile.spec.js",
      "file": "cypress\\e2e\\readWriteFile.spec.js",
      "beforeHooks": [],
      "afterHooks": [],
      "tests": [],
      "suites": [
        {
          "uuid": "f6394f02-d735-45b4-8601-ed37ad55251a",
          "title": "read write file tests",
          "fullFile": "",
          "file": "",
          "beforeHooks": [],
          "afterHooks": [],
          "tests": [
            {
              "title": "read file using fixture",
              "fullTitle": "read write file tests read file using fixture",
              "timedOut": null,
              "duration": 79,
              "state": "passed",
              "speed": "fast",
              "pass": true,
              "fail": false,
              "pending": false,
              "context": null,
              "code": "cy.fixture('example.json').its('name').should('eq', 'Cypress');",
              "err": {},
              "uuid": "f778ed25-e5e6-46c5-aa49-a3716164ae28",
              "parentUUID": "f6394f02-d735-45b4-8601-ed37ad55251a",
              "isHook": false,
              "skipped": false
            },
            {
              "title": "read file ",
              "fullTitle": "read write file tests read file ",
              "timedOut": null,
              "duration": 41,
              "state": "passed",
              "speed": "fast",
              "pass": true,
              "fail": false,
              "pending": false,
              "context": null,
              "code": "cy.readFile('./cypress/fixtures/example.json').its('name').should('eq', 'Cypress');",
              "err": {},
              "uuid": "4dd72273-4164-426a-893d-969ab48dcfb4",
              "parentUUID": "f6394f02-d735-45b4-8601-ed37ad55251a",
              "isHook": false,
              "skipped": false
            },
            {
              "title": "Write file ",
              "fullTitle": "read write file tests Write file ",
              "timedOut": null,
              "duration": 50,
              "state": "passed",
              "speed": "fast",
              "pass": true,
              "fail": false,
              "pending": false,
              "context": null,
              "code": "cy.writeFile('sample.txt', 'Hello, we are learning Cypress');\ncy.writeFile('sample.txt', '\\nHi, I am SaRa', {\n  flag: 'a+'\n});\ncy.readFile('sample.txt').should('contain', 'Cypress');",
              "err": {},
              "uuid": "93dba122-b3fb-4fb8-bfee-171061d5841d",
              "parentUUID": "f6394f02-d735-45b4-8601-ed37ad55251a",
              "isHook": false,
              "skipped": false
            }
          ],
          "suites": [],
          "passes": [
            "f778ed25-e5e6-46c5-aa49-a3716164ae28",
            "4dd72273-4164-426a-893d-969ab48dcfb4",
            "93dba122-b3fb-4fb8-bfee-171061d5841d"
          ],
          "failures": [],
          "pending": [],
          "skipped": [],
          "duration": 170,
          "root": false,
          "rootEmpty": false,
          "_timeout": 2000
        }
      ],
      "passes": [],
      "failures": [],
      "pending": [],
      "skipped": [],
      "duration": 0,
      "root": true,
      "rootEmpty": true,
      "_timeout": 2000
    }
  ],
  "meta": {
    "mocha": {
      "version": "7.0.1"
    },
    "mochawesome": {
      "options": {
        "quiet": false,
        "reportFilename": "mochawesome",
        "saveHtml": false,
        "saveJson": true,
        "consoleReporter": "spec",
        "useInlineDiffs": false,
        "code": true
      },
      "version": "7.1.3"
    },
    "marge": {
      "options": {
        "charts": true,
        "overwrite": false,
        "html": false,
        "json": true,
        "reportDir": "cypress/report/mochawesome-report"
      },
      "version": "6.2.0"
    }
  }
}